2022/02/24 10:07:17 [notice] 1#1: using the "epoll" event method
2022/02/24 10:07:17 [notice] 1#1: nginx/1.21.1
2022/02/24 10:07:17 [notice] 1#1: built by gcc 8.3.0 (Debian 8.3.0-6) 
2022/02/24 10:07:17 [notice] 1#1: OS: Linux 5.10.25-linuxkit
2022/02/24 10:07:17 [notice] 1#1: getrlimit(RLIMIT_NOFILE): 1048576:1048576
2022/02/24 10:07:17 [notice] 1#1: start worker processes
2022/02/24 10:07:17 [notice] 1#1: start worker process 30
2022/02/24 10:07:17 [notice] 1#1: start worker process 31
2022/02/24 10:07:17 [notice] 1#1: start worker process 32
2022/02/24 10:07:17 [notice] 1#1: start worker process 33
2022/02/28 05:56:27 [notice] 1#1: signal 3 (SIGQUIT) received, shutting down
2022/02/28 05:56:27 [notice] 32#32: gracefully shutting down
2022/02/28 05:56:27 [notice] 33#33: gracefully shutting down
2022/02/28 05:56:27 [notice] 30#30: gracefully shutting down
2022/02/28 05:56:27 [notice] 30#30: exiting
2022/02/28 05:56:27 [notice] 31#31: gracefully shutting down
2022/02/28 05:56:27 [notice] 32#32: exiting
2022/02/28 05:56:27 [notice] 33#33: exiting
2022/02/28 05:56:27 [notice] 30#30: exit
2022/02/28 05:56:27 [notice] 31#31: exiting
2022/02/28 05:56:27 [notice] 32#32: exit
2022/02/28 05:56:27 [notice] 33#33: exit
2022/02/28 05:56:27 [notice] 31#31: exit
2022/02/28 05:56:27 [notice] 1#1: signal 17 (SIGCHLD) received from 32
2022/02/28 05:56:27 [notice] 1#1: worker process 32 exited with code 0
2022/02/28 05:56:27 [notice] 1#1: signal 29 (SIGIO) received
2022/02/28 05:56:27 [notice] 1#1: signal 17 (SIGCHLD) received from 30
2022/02/28 05:56:27 [notice] 1#1: worker process 30 exited with code 0
2022/02/28 05:56:27 [notice] 1#1: signal 29 (SIGIO) received
2022/02/28 05:56:27 [notice] 1#1: signal 17 (SIGCHLD) received from 31
2022/02/28 05:56:27 [notice] 1#1: worker process 31 exited with code 0
2022/02/28 05:56:27 [notice] 1#1: worker process 33 exited with code 0
2022/02/28 05:56:27 [notice] 1#1: exit
2022/02/28 05:56:45 [emerg] 1#1: host not found in upstream "php" in /etc/nginx/conf.d/default.conf:15
2022/02/28 05:57:27 [notice] 1#1: using the "epoll" event method
2022/02/28 05:57:27 [notice] 1#1: nginx/1.21.1
2022/02/28 05:57:27 [notice] 1#1: built by gcc 8.3.0 (Debian 8.3.0-6) 
2022/02/28 05:57:27 [notice] 1#1: OS: Linux 5.10.25-linuxkit
2022/02/28 05:57:27 [notice] 1#1: getrlimit(RLIMIT_NOFILE): 1048576:1048576
2022/02/28 05:57:27 [notice] 1#1: start worker processes
2022/02/28 05:57:27 [notice] 1#1: start worker process 31
2022/02/28 05:57:27 [notice] 1#1: start worker process 32
2022/02/28 05:57:27 [notice] 1#1: start worker process 33
2022/02/28 05:57:27 [notice] 1#1: start worker process 34
